{"level":"info","message":"gomunia-server started and running on port 3000and ipundefined","timestamp":"2017-10-13T10:38:02.392Z"}
{"level":"info","message":"gomunia-server started and running on port 3000 and ip undefined","timestamp":"2017-10-13T10:38:51.678Z"}
{"level":"info","message":"File is uploaded on console","timestamp":"2017-10-13T10:39:34.937Z"}
{"level":"info","message":"gomunia-server started and running on port 3000 and ip undefined","timestamp":"2017-10-13T10:40:15.322Z"}
{"level":"info","message":"File is uploaded on console","timestamp":"2017-10-13T10:40:31.588Z"}
{"level":"info","message":"File is uploaded on console","timestamp":"2017-10-13T10:40:52.326Z"}
{"level":"info","message":"File is uploaded on console","timestamp":"2017-10-13T10:42:14.953Z"}
{"level":"info","message":"gomunia-server started and running on port 3000 and ip undefined","timestamp":"2017-10-13T10:42:44.978Z"}
{"level":"info","message":"gomunia-server started and running on port 3000 and ip undefined","timestamp":"2017-10-13T10:43:38.320Z"}
{"level":"info","message":"gomunia-server started and running on port 3000 and ip undefined","timestamp":"4:21:43 PM"}
{"level":"info","message":"gomunia-server started and running on port 3000 and ip undefined","timestamp":"4:22:53 PM"}
{"level":"info","message":"gomunia-server started and running on port 3000 and ip undefined","timestamp":"10:03:47 PM"}
{"level":"info","message":"gomunia-server started and running on port 3000 and ip undefined","timestamp":"10:06:51 PM"}
{"level":"info","message":"gomunia-server started and running on port 3000 and ip undefined","timestamp":"10:08:36 PM"}
{"level":"info","message":"gomunia-server started and running on port 3000 and ip undefined","timestamp":"10:09:08 PM"}
{"level":"info","message":"gomunia-server started and running on port 3000 and ip undefined","timestamp":"10:10:24 PM"}
{"level":"info","message":"gomunia-server started and running on port 3000 and ip undefined","timestamp":"10:10:42 PM"}
{"level":"info","message":"gomunia-server started and running on port 3000 and ip undefined","timestamp":"10:11:15 PM"}
{"level":"info","message":"gomunia-server started and running on port 3000 and ip undefined","timestamp":"10:12:18 PM"}
{"message":"Unexpected field","stack":"Error: Unexpected field\n    at makeError (d:\\Project\\gomunia-server\\node_modules\\multer\\lib\\make-error.js:12:13)\n    at wrappedFileFilter (d:\\Project\\gomunia-server\\node_modules\\multer\\index.js:40:19)\n    at Busboy.<anonymous> (d:\\Project\\gomunia-server\\node_modules\\multer\\lib\\make-middleware.js:114:7)\n    at emitMany (events.js:127:13)\n    at Busboy.emit (events.js:201:7)\n    at Busboy.emit (d:\\Project\\gomunia-server\\node_modules\\busboy\\lib\\main.js:38:33)\n    at PartStream.<anonymous> (d:\\Project\\gomunia-server\\node_modules\\busboy\\lib\\types\\multipart.js:213:13)\n    at emitOne (events.js:96:13)\n    at PartStream.emit (events.js:188:7)\n    at HeaderParser.<anonymous> (d:\\Project\\gomunia-server\\node_modules\\dicer\\lib\\Dicer.js:51:16)\n    at emitOne (events.js:96:13)\n    at HeaderParser.emit (events.js:188:7)\n    at HeaderParser._finish (d:\\Project\\gomunia-server\\node_modules\\dicer\\lib\\HeaderParser.js:68:8)\n    at SBMH.<anonymous> (d:\\Project\\gomunia-server\\node_modules\\dicer\\lib\\HeaderParser.js:40:12)\n    at emitMany (events.js:127:13)\n    at SBMH.emit (events.js:201:7)\n    at SBMH._sbmh_feed (d:\\Project\\gomunia-server\\node_modules\\streamsearch\\lib\\sbmh.js:159:14)\n    at SBMH.push (d:\\Project\\gomunia-server\\node_modules\\streamsearch\\lib\\sbmh.js:56:14)\n    at HeaderParser.push (d:\\Project\\gomunia-server\\node_modules\\dicer\\lib\\HeaderParser.js:46:19)\n    at Dicer._oninfo (d:\\Project\\gomunia-server\\node_modules\\dicer\\lib\\Dicer.js:197:25)\n    at SBMH.<anonymous> (d:\\Project\\gomunia-server\\node_modules\\dicer\\lib\\Dicer.js:127:10)\n    at emitMany (events.js:127:13)\n    at SBMH.emit (events.js:201:7)\n    at SBMH._sbmh_feed (d:\\Project\\gomunia-server\\node_modules\\streamsearch\\lib\\sbmh.js:159:14)\n    at SBMH.push (d:\\Project\\gomunia-server\\node_modules\\streamsearch\\lib\\sbmh.js:56:14)\n    at Dicer._write (d:\\Project\\gomunia-server\\node_modules\\dicer\\lib\\Dicer.js:109:17)\n    at doWrite (_stream_writable.js:331:12)\n    at writeOrBuffer (_stream_writable.js:317:5)","code":"LIMIT_UNEXPECTED_FILE","field":"file1","storageErrors":[],"level":"info","timestamp":"10:12:40 PM"}
